Flutter crash report.
Please report a bug at https://github.com/flutter/flutter/issues.

## command

flutter run

## exception

WipError: WipError -32000 Cannot find context with specified id

```
```

## flutter doctor

```
[✓] Flutter (Channel stable, 2.2.2, on Microsoft Windows [Version 10.0.19042.1165], locale en-US)
    • Flutter version 2.2.2 at D:\Program Files\flutter_windows_2.2.0-stable\flutter
    • Framework revision d79295af24 (3 months ago), 2021-06-11 08:56:01 -0700
    • Engine revision 91c9fc8fe0
    • Dart version 2.13.3

[✗] Android toolchain - develop for Android devices
    ✗ Unable to locate Android SDK.
      Install Android Studio from: https://developer.android.com/studio/index.html
      On first launch it will assist you in installing the Android SDK components.
      (or visit https://flutter.dev/docs/get-started/install/windows#android-setup for detailed instructions).
      If the Android SDK has been installed to a custom location, please use
      `flutter config --android-sdk` to update to that location.


[✗] Chrome - develop for the web (Cannot find Chrome executable at .\Google\Chrome\Application\chrome.exe)
    ! Cannot find Chrome. Try setting CHROME_EXECUTABLE to a Chrome executable.

[!] Android Studio (not installed)
    • Android Studio not found; download from https://developer.android.com/studio/index.html
      (or visit https://flutter.dev/docs/get-started/install/windows#android-setup for detailed instructions).

[✓] Connected device (1 available)
    • Edge (web) • edge • web-javascript • Microsoft Edge 92.0.902.84

! Doctor found issues in 3 categories.
```
